app/build/outputs/logs/manifest-merger-debug-report.txt
-- Merging decision tree log ---
manifest
ADDED from src\main\AndroidManifest.xml:2:1-64:12
	package
		ADDED from src\main\AndroidManifest.xml:3:5-28
		INJECTED from src\main\AndroidManifest.xml
		INJECTED from src\main\AndroidManifest.xml
	android:versionName
		ADDED from src\main\AndroidManifest.xml:5:5-32
		INJECTED from src\main\AndroidManifest.xml
		INJECTED from src\main\AndroidManifest.xml
	android:versionCode
		ADDED from src\main\AndroidManifest.xml:4:5-28
		INJECTED from src\main\AndroidManifest.xml
		INJECTED from src\main\AndroidManifest.xml
	xmlns:android
		ADDED from src\main\AndroidManifest.xml:2:11-69
uses-sdk
ADDED from src\main\AndroidManifest.xml:7:5-43
	android:targetSdkVersion
		INJECTED from src\main\AndroidManifest.xml
		INJECTED from src\main\AndroidManifest.xml
	android:minSdkVersion
		ADDED from src\main\AndroidManifest.xml:7:15-40
		INJECTED from src\main\AndroidManifest.xml
		INJECTED from src\main\AndroidManifest.xml
application
ADDED from src\main\AndroidManifest.xml:9:5-62:19
	android:label
		ADDED from src\main\AndroidManifest.xml:11:9-41
	android:icon
		ADDED from src\main\AndroidManifest.xml:10:9-38
receiver#pt.isec.tp.am.BateryLow
ADDED from src\main\AndroidManifest.xml:13:9-19:20
	android:name
		ADDED from src\main\AndroidManifest.xml:14:13-38
intent-filter#android.intent.action.BATTERY_LOW
ADDED from src\main\AndroidManifest.xml:15:13-18:27
action#android.intent.action.BATTERY_LOW
ADDED from src\main\AndroidManifest.xml:16:13-71
	android:name
		ADDED from src\main\AndroidManifest.xml:16:21-69
activity#pt.isec.tp.am.TP_AMActivity
ADDED from src\main\AndroidManifest.xml:21:9-33:20
	android:screenOrientation
		ADDED from src\main\AndroidManifest.xml:24:13-49
	android:label
		ADDED from src\main\AndroidManifest.xml:22:13-45
	android:name
		ADDED from src\main\AndroidManifest.xml:23:13-42
intent-filter#android.intent.action.MAIN+android.intent.category.LAUNCHER
ADDED from src\main\AndroidManifest.xml:28:13-32:29
action#android.intent.action.MAIN
ADDED from src\main\AndroidManifest.xml:29:17-69
	android:name
		ADDED from src\main\AndroidManifest.xml:29:25-66
category#android.intent.category.LAUNCHER
ADDED from src\main\AndroidManifest.xml:31:17-77
	android:name
		ADDED from src\main\AndroidManifest.xml:31:27-74
activity#pt.isec.tp.am.GameActivity
ADDED from src\main\AndroidManifest.xml:34:9-38:20
	android:screenOrientation
		ADDED from src\main\AndroidManifest.xml:37:13-49
	android:label
		ADDED from src\main\AndroidManifest.xml:35:13-45
	android:name
		ADDED from src\main\AndroidManifest.xml:36:13-41
activity#pt.isec.tp.am.UpdatePerferences
ADDED from src\main\AndroidManifest.xml:39:17-43:20
	android:screenOrientation
		ADDED from src\main\AndroidManifest.xml:42:13-49
	android:label
		ADDED from src\main\AndroidManifest.xml:40:13-45
	android:name
		ADDED from src\main\AndroidManifest.xml:41:13-46
activity#pt.isec.tp.am.MyPreferencesActivity
ADDED from src\main\AndroidManifest.xml:45:17-49:20
	android:screenOrientation
		ADDED from src\main\AndroidManifest.xml:48:13-49
	android:label
		ADDED from src\main\AndroidManifest.xml:46:13-45
	android:name
		ADDED from src\main\AndroidManifest.xml:47:13-50
activity#pt.isec.tp.am.About
ADDED from src\main\AndroidManifest.xml:50:9-53:25
	android:screenOrientation
		ADDED from src\main\AndroidManifest.xml:52:13-49
	android:name
		ADDED from src\main\AndroidManifest.xml:51:13-34
activity#pt.isec.tp.am.Score
ADDED from src\main\AndroidManifest.xml:54:17-57:25
	android:screenOrientation
		ADDED from src\main\AndroidManifest.xml:56:15-51
	android:name
		ADDED from src\main\AndroidManifest.xml:55:13-34
activity#pt.isec.tp.am.Help
ADDED from src\main\AndroidManifest.xml:58:33-61:25
	android:screenOrientation
		ADDED from src\main\AndroidManifest.xml:60:15-51
	android:name
		ADDED from src\main\AndroidManifest.xml:59:13-33